[+] Containers:
 |- [+] Container: /Engine/WorldPartition/UnitTests/EditorPaths/EditorPaths_LI_Child
 |   |- [+] ActorDescs:
 |   |   |- Guid:27CF83584DBCFF01F33AB0ADD07854C4 BaseClass: NativeClass:/Script/Engine.StaticMeshActor Name:StaticMeshActor_UAID_E04F43E60CCA16A401_1407520220 Label:Cone SpatiallyLoaded:1 Bounds:IsValid=true, Min=(X=-50.000 Y=30.000 Z=0.000), Max=(X=50.000 Y=130.000 Z=100.000) RuntimeGrid:None EditorOnly:0 RuntimeOnly:0 HLODRelevant:1 ListedInSceneOutliner:1 IsMainWorldOnly:0
 |   |   |- Guid:D5E52E9F49959D9B939D17ABA52FA65B BaseClass: NativeClass:/Script/Engine.StaticMeshActor Name:StaticMeshActor_UAID_E04F43E60CCA16A401_1407522221 Label:Cone2 SpatiallyLoaded:1 Bounds:IsValid=true, Min=(X=-50.000 Y=-130.000 Z=0.000), Max=(X=50.000 Y=-30.000 Z=100.000) RuntimeGrid:None EditorOnly:0 RuntimeOnly:0 HLODRelevant:1 ListedInSceneOutliner:1 IsMainWorldOnly:0
 |   |   |- Guid:EDCE9FA9410647F56868DDA39F68374A BaseClass: NativeClass:/Script/Engine.WorldDataLayers Name:WorldDataLayers Label:None SpatiallyLoaded:0 Bounds:Invalid RuntimeGrid:None EditorOnly:0 RuntimeOnly:0 HLODRelevant:0 ListedInSceneOutliner:1 IsMainWorldOnly:1
 |   |- [+] Clusters:
 |   |   |- [+] [  0]
 |   |   |   |- Guid:27CF83584DBCFF01F33AB0ADD07854C4 BaseClass: NativeClass:/Script/Engine.StaticMeshActor Name:StaticMeshActor_UAID_E04F43E60CCA16A401_1407520220 Label:Cone SpatiallyLoaded:1 Bounds:IsValid=true, Min=(X=-50.000 Y=30.000 Z=0.000), Max=(X=50.000 Y=130.000 Z=100.000) RuntimeGrid:None EditorOnly:0 RuntimeOnly:0 HLODRelevant:1 ListedInSceneOutliner:1 IsMainWorldOnly:0
 |   |   |- [+] [  1]
 |   |   |   |- Guid:D5E52E9F49959D9B939D17ABA52FA65B BaseClass: NativeClass:/Script/Engine.StaticMeshActor Name:StaticMeshActor_UAID_E04F43E60CCA16A401_1407522221 Label:Cone2 SpatiallyLoaded:1 Bounds:IsValid=true, Min=(X=-50.000 Y=-130.000 Z=0.000), Max=(X=50.000 Y=-30.000 Z=100.000) RuntimeGrid:None EditorOnly:0 RuntimeOnly:0 HLODRelevant:1 ListedInSceneOutliner:1 IsMainWorldOnly:0
 |   |   |- [+] [  2]
 |   |   |   |- Guid:EDCE9FA9410647F56868DDA39F68374A BaseClass: NativeClass:/Script/Engine.WorldDataLayers Name:WorldDataLayers Label:None SpatiallyLoaded:0 Bounds:Invalid RuntimeGrid:None EditorOnly:0 RuntimeOnly:0 HLODRelevant:0 ListedInSceneOutliner:1 IsMainWorldOnly:1
 |- ContainerInstances:
 |- [+] MainContainer:
 |   |-        ID: 00000000000000000000000000000000
 |   |-  ParentID: 00000000000000000000000000000000
 |   |-    Bounds: IsValid=true, Min=(X=-50.000 Y=-130.000 Z=0.000), Max=(X=50.000 Y=130.000 Z=100.000)
 |   |- Transform: 0.000000,0.000000,0.000000|0.000000,0.000000,-0.000000|1.000000,1.000000,1.000000
 |   |- Container: /Engine/WorldPartition/UnitTests/EditorPaths/EditorPaths_LI_Child
----------------------------------------------------------------------------------------------------------------
EditorPaths_LI_Child - Persistent Level
----------------------------------------------------------------------------------------------------------------
[+] Content of EditorPaths_LI_Child Persistent Level
 |- Always loaded Actor Count: 1 
 |- Actor Path: /Engine/WorldPartition/UnitTests/EditorPaths/EditorPaths_LI_Child.EditorPaths_LI_Child:PersistentLevel.WorldDataLayers
 |- Actor Package: /Engine/__ExternalActors__/WorldPartition/UnitTests/EditorPaths/EditorPaths_LI_Child/C/NF/362D7VNN3YGQH5W6AO2GKP

----------------------------------------------------------------------------------------------------------------
EditorPaths_LI_Child - Runtime Spatial Hash
----------------------------------------------------------------------------------------------------------------
[+] StreamingGrids
 |- [+] MainGrid
 |   |-             Origin: X=0.000 Y=0.000 Z=0.000
 |   |-          Cell Size: 12800
 |   |-       World Bounds: IsValid=true, Min=(X=-50.000 Y=-130.000 Z=0.000), Max=(X=50.000 Y=130.000 Z=100.000)
 |   |-      Loading Range: 25600.00
 |   |- Block Slow Loading: No
 |   |-  ClientOnlyVisible: No
 |   |- 
 |   |- [+] Grid Levels: 2
 |   |   |- Level  0: Cell Count    1 | Cell Size   12800 | Actor Count    2 (100.0%)
 |   |   |- Level  1: Cell Count    0 | Cell Size   25600 | Actor Count    0 (0.0%)
 |   |- 
 |   |- [+] Content of Grid Level 0
 |   |   |- [+] Content of Cell EditorPaths_LI_Child_MainGrid_L0_X0_Y0 (AQCJUNY440KKAO9P94EMAYM3B)
 |   |   |   |- Actor Count: 2
 |   |   |   |- [+] /Engine/WorldPartition/UnitTests/EditorPaths/EditorPaths_LI_Child.EditorPaths_LI_Child:PersistentLevel.StaticMeshActor_UAID_E04F43E60CCA16A401_1407520220
 |   |   |   |   |-         Package: /Engine/__ExternalActors__/WorldPartition/UnitTests/EditorPaths/EditorPaths_LI_Child/0/5Q/TPM2X43C8URZC0YZLO9GL8
 |   |   |   |   |-     Editor Only: 0
 |   |   |   |   |-   Instance Guid: 27CF83584DBCFF01F33AB0ADD07854C4
 |   |   |   |   |- [+] Container:
 |   |   |   |   |   |-        ID: 00000000000000000000000000000000
 |   |   |   |   |   |- Transform: 0.000000,0.000000,0.000000|0.000000,0.000000,-0.000000|1.000000,1.000000,1.000000
 |   |   |   |- [+] /Engine/WorldPartition/UnitTests/EditorPaths/EditorPaths_LI_Child.EditorPaths_LI_Child:PersistentLevel.StaticMeshActor_UAID_E04F43E60CCA16A401_1407522221
 |   |   |   |   |-         Package: /Engine/__ExternalActors__/WorldPartition/UnitTests/EditorPaths/EditorPaths_LI_Child/9/V0/0PYPUM23Z5EUHRPRUQOQAW
 |   |   |   |   |-     Editor Only: 0
 |   |   |   |   |-   Instance Guid: D5E52E9F49959D9B939D17ABA52FA65B
 |   |   |   |   |- [+] Container:
 |   |   |   |   |   |-        ID: 00000000000000000000000000000000
 |   |   |   |   |   |- Transform: 0.000000,0.000000,0.000000|0.000000,0.000000,-0.000000|1.000000,1.000000,1.000000
 |   |- [+] Content of Grid Level 1
 |   |- 
